This is XeTeX, Version 3.14159265-2.6-0.99999 (TeX Live 2018) (preloaded format=xelatex 2019.2.3)  3 FEB 2019 21:22
entering extended mode
 restricted \write18 enabled.
 file:line:error style messages enabled.
 %&-line parsing enabled.
**\input main.tex
(./main.tex (/usr/local/texlive/2018/texmf-dist/tex/latex/beamer/beamer.cls
Document Class: beamer 2018/12/02 v3.55 A class for typesetting presentations
(/usr/local/texlive/2018/texmf-dist/tex/latex/beamer/beamerbasemodes.sty
(/usr/local/texlive/2018/texmf-dist/tex/latex/etoolbox/etoolbox.sty
Package: etoolbox 2018/08/19 v2.5f e-TeX tools for LaTeX (JAW)
\etb@tempcnta=\count80
)
\beamer@tempbox=\box27
\beamer@tempcount=\count81
\c@beamerpauses=\count82

(/usr/local/texlive/2018/texmf-dist/tex/latex/beamer/beamerbasedecode.sty
\beamer@slideinframe=\count83
\beamer@minimum=\count84
)
\beamer@commentbox=\box28
\beamer@modecount=\count85
)
(/usr/local/texlive/2018/texmf-dist/tex/generic/oberdiek/ifpdf.sty
Package: ifpdf 2018/09/07 v3.3 Provides the ifpdf switch
)
\headdp=\dimen102
\footheight=\dimen103
\sidebarheight=\dimen104
\beamer@tempdim=\dimen105
\beamer@finalheight=\dimen106
\beamer@animht=\dimen107
\beamer@animdp=\dimen108
\beamer@animwd=\dimen109
\beamer@leftmargin=\dimen110
\beamer@rightmargin=\dimen111
\beamer@leftsidebar=\dimen112
\beamer@rightsidebar=\dimen113
\beamer@boxsize=\dimen114
\beamer@vboxoffset=\dimen115
\beamer@descdefault=\dimen116
\beamer@descriptionwidth=\dimen117
\beamer@lastskip=\skip41
\beamer@areabox=\box29
\beamer@animcurrent=\box30
\beamer@animshowbox=\box31
\beamer@sectionbox=\box32
\beamer@logobox=\box33
\beamer@linebox=\box34
\beamer@sectioncount=\count86
\beamer@subsubsectionmax=\count87
\beamer@subsectionmax=\count88
\beamer@sectionmax=\count89
\beamer@totalheads=\count90
\beamer@headcounter=\count91
\beamer@partstartpage=\count92
\beamer@sectionstartpage=\count93
\beamer@subsectionstartpage=\count94
\beamer@animationtempa=\count95
\beamer@animationtempb=\count96
\beamer@xpos=\count97
\beamer@ypos=\count98
\beamer@ypos@offset=\count99
\beamer@showpartnumber=\count100
\beamer@currentsubsection=\count101
\beamer@coveringdepth=\count102
\beamer@sectionadjust=\count103
\beamer@tocsectionnumber=\count104

(/usr/local/texlive/2018/texmf-dist/tex/latex/beamer/beamerbaseoptions.sty
(/usr/local/texlive/2018/texmf-dist/tex/latex/graphics/keyval.sty
Package: keyval 2014/10/28 v1.15 key=value parser (DPC)
\KV@toks@=\toks14
))
\beamer@paperwidth=\skip42
\beamer@paperheight=\skip43

(/usr/local/texlive/2018/texmf-dist/tex/latex/geometry/geometry.sty
Package: geometry 2018/04/16 v5.8 Page Geometry

(/usr/local/texlive/2018/texmf-dist/tex/generic/oberdiek/ifvtex.sty
Package: ifvtex 2016/05/16 v1.6 Detect VTeX and its facilities (HO)
Package ifvtex Info: VTeX not detected.
)
(/usr/local/texlive/2018/texmf-dist/tex/generic/ifxetex/ifxetex.sty
Package: ifxetex 2010/09/12 v0.6 Provides ifxetex conditional
)
\Gm@cnth=\count105
\Gm@cntv=\count106
\c@Gm@tempcnt=\count107
\Gm@bindingoffset=\dimen118
\Gm@wd@mp=\dimen119
\Gm@odd@mp=\dimen120
\Gm@even@mp=\dimen121
\Gm@layoutwidth=\dimen122
\Gm@layoutheight=\dimen123
\Gm@layouthoffset=\dimen124
\Gm@layoutvoffset=\dimen125
\Gm@dimlist=\toks15
)
(/usr/local/texlive/2018/texmf-dist/tex/latex/base/size11.clo
File: size11.clo 2018/09/03 v1.4i Standard LaTeX file (size option)
)
(/usr/local/texlive/2018/texmf-dist/tex/latex/pgf/basiclayer/pgfcore.sty
(/usr/local/texlive/2018/texmf-dist/tex/latex/graphics/graphicx.sty
Package: graphicx 2017/06/01 v1.1a Enhanced LaTeX Graphics (DPC,SPQR)

(/usr/local/texlive/2018/texmf-dist/tex/latex/graphics/graphics.sty
Package: graphics 2017/06/25 v1.2c Standard LaTeX Graphics (DPC,SPQR)

(/usr/local/texlive/2018/texmf-dist/tex/latex/graphics/trig.sty
Package: trig 2016/01/03 v1.10 sin cos tan (DPC)
)
(/usr/local/texlive/2018/texmf-dist/tex/latex/graphics-cfg/graphics.cfg
File: graphics.cfg 2016/06/04 v1.11 sample graphics configuration
)
Package graphics Info: Driver file: xetex.def on input line 99.

(/usr/local/texlive/2018/texmf-dist/tex/latex/graphics-def/xetex.def
File: xetex.def 2017/06/24 v5.0h Graphics/color driver for xetex
))
\Gin@req@height=\dimen126
\Gin@req@width=\dimen127
)
(/usr/local/texlive/2018/texmf-dist/tex/latex/pgf/systemlayer/pgfsys.sty
(/usr/local/texlive/2018/texmf-dist/tex/latex/pgf/utilities/pgfrcs.sty
(/usr/local/texlive/2018/texmf-dist/tex/generic/pgf/utilities/pgfutil-common.te
x
\pgfutil@everybye=\toks16
\pgfutil@tempdima=\dimen128
\pgfutil@tempdimb=\dimen129

(/usr/local/texlive/2018/texmf-dist/tex/generic/pgf/utilities/pgfutil-common-li
sts.tex))
(/usr/local/texlive/2018/texmf-dist/tex/generic/pgf/utilities/pgfutil-latex.def
\pgfutil@abb=\box35
(/usr/local/texlive/2018/texmf-dist/tex/latex/ms/everyshi.sty
Package: everyshi 2001/05/15 v3.00 EveryShipout Package (MS)
))
(/usr/local/texlive/2018/texmf-dist/tex/generic/pgf/utilities/pgfrcs.code.tex
(/usr/local/texlive/2018/texmf-dist/tex/generic/pgf/pgf.revision.tex)
Package: pgfrcs 2019/02/02 v3.1.1 (3.1.1)
))
(/usr/local/texlive/2018/texmf-dist/tex/generic/pgf/systemlayer/pgfsys.code.tex
Package: pgfsys 2019/02/02 v3.1.1 (3.1.1)
(/usr/local/texlive/2018/texmf-dist/tex/generic/pgf/utilities/pgfkeys.code.tex
\pgfkeys@pathtoks=\toks17
\pgfkeys@temptoks=\toks18

(/usr/local/texlive/2018/texmf-dist/tex/generic/pgf/utilities/pgfkeysfiltered.c
ode.tex
\pgfkeys@tmptoks=\toks19
))
\pgf@x=\dimen130
\pgf@y=\dimen131
\pgf@xa=\dimen132
\pgf@ya=\dimen133
\pgf@xb=\dimen134
\pgf@yb=\dimen135
\pgf@xc=\dimen136
\pgf@yc=\dimen137
\w@pgf@writea=\write3
\r@pgf@reada=\read1
\c@pgf@counta=\count108
\c@pgf@countb=\count109
\c@pgf@countc=\count110
\c@pgf@countd=\count111
\t@pgf@toka=\toks20
\t@pgf@tokb=\toks21
\t@pgf@tokc=\toks22
\pgf@sys@id@count=\count112

(/usr/local/texlive/2018/texmf-dist/tex/generic/pgf/systemlayer/pgf.cfg
File: pgf.cfg 2019/02/02 v3.1.1 (3.1.1)
)
Driver file for pgf: pgfsys-xetex.def

(/usr/local/texlive/2018/texmf-dist/tex/generic/pgf/systemlayer/pgfsys-xetex.de
f
File: pgfsys-xetex.def 2019/02/02 v3.1.1 (3.1.1)

(/usr/local/texlive/2018/texmf-dist/tex/generic/pgf/systemlayer/pgfsys-dvipdfmx
.def
File: pgfsys-dvipdfmx.def 2019/02/02 v3.1.1 (3.1.1)

(/usr/local/texlive/2018/texmf-dist/tex/generic/pgf/systemlayer/pgfsys-common-p
df.def
File: pgfsys-common-pdf.def 2019/02/02 v3.1.1 (3.1.1)
)
\pgfsys@objnum=\count113
)))
(/usr/local/texlive/2018/texmf-dist/tex/generic/pgf/systemlayer/pgfsyssoftpath.
code.tex
File: pgfsyssoftpath.code.tex 2019/02/02 v3.1.1 (3.1.1)
\pgfsyssoftpath@smallbuffer@items=\count114
\pgfsyssoftpath@bigbuffer@items=\count115
)
(/usr/local/texlive/2018/texmf-dist/tex/generic/pgf/systemlayer/pgfsysprotocol.
code.tex
File: pgfsysprotocol.code.tex 2019/02/02 v3.1.1 (3.1.1)
)) (/usr/local/texlive/2018/texmf-dist/tex/latex/xcolor/xcolor.sty
Package: xcolor 2016/05/11 v2.12 LaTeX color extensions (UK)

(/usr/local/texlive/2018/texmf-dist/tex/latex/graphics-cfg/color.cfg
File: color.cfg 2016/01/02 v1.6 sample color configuration
)
Package xcolor Info: Driver file: xetex.def on input line 225.
Package xcolor Info: Model `cmy' substituted by `cmy0' on input line 1348.
Package xcolor Info: Model `RGB' extended on input line 1364.
Package xcolor Info: Model `HTML' substituted by `rgb' on input line 1366.
Package xcolor Info: Model `Hsb' substituted by `hsb' on input line 1367.
Package xcolor Info: Model `tHsb' substituted by `hsb' on input line 1368.
Package xcolor Info: Model `HSB' substituted by `hsb' on input line 1369.
Package xcolor Info: Model `Gray' substituted by `gray' on input line 1370.
Package xcolor Info: Model `wave' substituted by `hsb' on input line 1371.
)
(/usr/local/texlive/2018/texmf-dist/tex/generic/pgf/basiclayer/pgfcore.code.tex
Package: pgfcore 2019/02/02 v3.1.1 (3.1.1)
(/usr/local/texlive/2018/texmf-dist/tex/generic/pgf/math/pgfmath.code.tex
(/usr/local/texlive/2018/texmf-dist/tex/generic/pgf/math/pgfmathcalc.code.tex
(/usr/local/texlive/2018/texmf-dist/tex/generic/pgf/math/pgfmathutil.code.tex)
(/usr/local/texlive/2018/texmf-dist/tex/generic/pgf/math/pgfmathparser.code.tex
\pgfmath@dimen=\dimen138
\pgfmath@count=\count116
\pgfmath@box=\box36
\pgfmath@toks=\toks23
\pgfmath@stack@operand=\toks24
\pgfmath@stack@operation=\toks25
)
(/usr/local/texlive/2018/texmf-dist/tex/generic/pgf/math/pgfmathfunctions.code.
tex
(/usr/local/texlive/2018/texmf-dist/tex/generic/pgf/math/pgfmathfunctions.basic
.code.tex)
(/usr/local/texlive/2018/texmf-dist/tex/generic/pgf/math/pgfmathfunctions.trigo
nometric.code.tex)
(/usr/local/texlive/2018/texmf-dist/tex/generic/pgf/math/pgfmathfunctions.rando
m.code.tex)
(/usr/local/texlive/2018/texmf-dist/tex/generic/pgf/math/pgfmathfunctions.compa
rison.code.tex)
(/usr/local/texlive/2018/texmf-dist/tex/generic/pgf/math/pgfmathfunctions.base.
code.tex)
(/usr/local/texlive/2018/texmf-dist/tex/generic/pgf/math/pgfmathfunctions.round
.code.tex)
(/usr/local/texlive/2018/texmf-dist/tex/generic/pgf/math/pgfmathfunctions.misc.
code.tex)
(/usr/local/texlive/2018/texmf-dist/tex/generic/pgf/math/pgfmathfunctions.integ
erarithmetics.code.tex)))
(/usr/local/texlive/2018/texmf-dist/tex/generic/pgf/math/pgfmathfloat.code.tex
\c@pgfmathroundto@lastzeros=\count117
))
(/usr/local/texlive/2018/texmf-dist/tex/generic/pgf/basiclayer/pgfcorepoints.co
de.tex
File: pgfcorepoints.code.tex 2019/02/02 v3.1.1 (3.1.1)
\pgf@picminx=\dimen139
\pgf@picmaxx=\dimen140
\pgf@picminy=\dimen141
\pgf@picmaxy=\dimen142
\pgf@pathminx=\dimen143
\pgf@pathmaxx=\dimen144
\pgf@pathminy=\dimen145
\pgf@pathmaxy=\dimen146
\pgf@xx=\dimen147
\pgf@xy=\dimen148
\pgf@yx=\dimen149
\pgf@yy=\dimen150
\pgf@zx=\dimen151
\pgf@zy=\dimen152
)
(/usr/local/texlive/2018/texmf-dist/tex/generic/pgf/basiclayer/pgfcorepathconst
ruct.code.tex
File: pgfcorepathconstruct.code.tex 2019/02/02 v3.1.1 (3.1.1)
\pgf@path@lastx=\dimen153
\pgf@path@lasty=\dimen154
)
(/usr/local/texlive/2018/texmf-dist/tex/generic/pgf/basiclayer/pgfcorepathusage
.code.tex
File: pgfcorepathusage.code.tex 2019/02/02 v3.1.1 (3.1.1)
\pgf@shorten@end@additional=\dimen155
\pgf@shorten@start@additional=\dimen156
)
(/usr/local/texlive/2018/texmf-dist/tex/generic/pgf/basiclayer/pgfcorescopes.co
de.tex
File: pgfcorescopes.code.tex 2019/02/02 v3.1.1 (3.1.1)
\pgfpic=\box37
\pgf@hbox=\box38
\pgf@layerbox@main=\box39
\pgf@picture@serial@count=\count118
)
(/usr/local/texlive/2018/texmf-dist/tex/generic/pgf/basiclayer/pgfcoregraphicst
ate.code.tex
File: pgfcoregraphicstate.code.tex 2019/02/02 v3.1.1 (3.1.1)
\pgflinewidth=\dimen157
)
(/usr/local/texlive/2018/texmf-dist/tex/generic/pgf/basiclayer/pgfcoretransform
ations.code.tex
File: pgfcoretransformations.code.tex 2019/02/02 v3.1.1 (3.1.1)
\pgf@pt@x=\dimen158
\pgf@pt@y=\dimen159
\pgf@pt@temp=\dimen160
)
(/usr/local/texlive/2018/texmf-dist/tex/generic/pgf/basiclayer/pgfcorequick.cod
e.tex
File: pgfcorequick.code.tex 2019/02/02 v3.1.1 (3.1.1)
)
(/usr/local/texlive/2018/texmf-dist/tex/generic/pgf/basiclayer/pgfcoreobjects.c
ode.tex
File: pgfcoreobjects.code.tex 2019/02/02 v3.1.1 (3.1.1)
)
(/usr/local/texlive/2018/texmf-dist/tex/generic/pgf/basiclayer/pgfcorepathproce
ssing.code.tex
File: pgfcorepathprocessing.code.tex 2019/02/02 v3.1.1 (3.1.1)
)
(/usr/local/texlive/2018/texmf-dist/tex/generic/pgf/basiclayer/pgfcorearrows.co
de.tex
File: pgfcorearrows.code.tex 2019/02/02 v3.1.1 (3.1.1)
\pgfarrowsep=\dimen161
)
(/usr/local/texlive/2018/texmf-dist/tex/generic/pgf/basiclayer/pgfcoreshade.cod
e.tex
File: pgfcoreshade.code.tex 2019/02/02 v3.1.1 (3.1.1)
\pgf@max=\dimen162
\pgf@sys@shading@range@num=\count119
)
(/usr/local/texlive/2018/texmf-dist/tex/generic/pgf/basiclayer/pgfcoreimage.cod
e.tex
File: pgfcoreimage.code.tex 2019/02/02 v3.1.1 (3.1.1)

(/usr/local/texlive/2018/texmf-dist/tex/generic/pgf/basiclayer/pgfcoreexternal.
code.tex
File: pgfcoreexternal.code.tex 2019/02/02 v3.1.1 (3.1.1)
\pgfexternal@startupbox=\box40
))
(/usr/local/texlive/2018/texmf-dist/tex/generic/pgf/basiclayer/pgfcorelayers.co
de.tex
File: pgfcorelayers.code.tex 2019/02/02 v3.1.1 (3.1.1)
)
(/usr/local/texlive/2018/texmf-dist/tex/generic/pgf/basiclayer/pgfcoretranspare
ncy.code.tex
File: pgfcoretransparency.code.tex 2019/02/02 v3.1.1 (3.1.1)
)
(/usr/local/texlive/2018/texmf-dist/tex/generic/pgf/basiclayer/pgfcorepatterns.
code.tex
File: pgfcorepatterns.code.tex 2019/02/02 v3.1.1 (3.1.1)
)
(/usr/local/texlive/2018/texmf-dist/tex/generic/pgf/basiclayer/pgfcorerdf.code.
tex
File: pgfcorerdf.code.tex 2019/02/02 v3.1.1 (3.1.1)
))) (/usr/local/texlive/2018/texmf-dist/tex/latex/pgf/utilities/xxcolor.sty
Package: xxcolor 2003/10/24 ver 0.1
\XC@nummixins=\count120
\XC@countmixins=\count121
) (/usr/local/texlive/2018/texmf-dist/tex/generic/oberdiek/atbegshi.sty
Package: atbegshi 2016/06/09 v1.18 At begin shipout hook (HO)

(/usr/local/texlive/2018/texmf-dist/tex/generic/oberdiek/infwarerr.sty
Package: infwarerr 2016/05/16 v1.4 Providing info/warning/error messages (HO)
)
(/usr/local/texlive/2018/texmf-dist/tex/generic/oberdiek/ltxcmds.sty
Package: ltxcmds 2016/05/16 v1.23 LaTeX kernel commands for general use (HO)
))
(/usr/local/texlive/2018/texmf-dist/tex/latex/hyperref/hyperref.sty
Package: hyperref 2018/11/30 v6.88e Hypertext links for LaTeX

(/usr/local/texlive/2018/texmf-dist/tex/generic/oberdiek/hobsub-hyperref.sty
Package: hobsub-hyperref 2016/05/16 v1.14 Bundle oberdiek, subset hyperref (HO)


(/usr/local/texlive/2018/texmf-dist/tex/generic/oberdiek/hobsub-generic.sty
Package: hobsub-generic 2016/05/16 v1.14 Bundle oberdiek, subset generic (HO)
Package: hobsub 2016/05/16 v1.14 Construct package bundles (HO)
Package hobsub Info: Skipping package `infwarerr' (already loaded).
Package hobsub Info: Skipping package `ltxcmds' (already loaded).
Package: ifluatex 2016/05/16 v1.4 Provides the ifluatex switch (HO)
Package ifluatex Info: LuaTeX not detected.
Package hobsub Info: Skipping package `ifvtex' (already loaded).
Package: intcalc 2016/05/16 v1.2 Expandable calculations with integers (HO)
Package hobsub Info: Skipping package `ifpdf' (already loaded).
Package: etexcmds 2016/05/16 v1.6 Avoid name clashes with e-TeX commands (HO)
Package etexcmds Info: Could not find \expanded.
(etexcmds)             That can mean that you are not using pdfTeX 1.50 or
(etexcmds)             that some package has redefined \expanded.
(etexcmds)             In the latter case, load this package earlier.
Package: kvsetkeys 2016/05/16 v1.17 Key value parser (HO)
Package: kvdefinekeys 2016/05/16 v1.4 Define keys (HO)
Package: pdftexcmds 2018/09/10 v0.29 Utility functions of pdfTeX for LuaTeX (HO
)
Package pdftexcmds Info: LuaTeX not detected.
Package pdftexcmds Info: pdfTeX >= 1.30 not detected.
Package pdftexcmds Info: \pdf@primitive is available.
Package pdftexcmds Info: \pdf@ifprimitive is available.
Package pdftexcmds Info: \pdfdraftmode not found.
Package: pdfescape 2016/05/16 v1.14 Implements pdfTeX's escape features (HO)
Package: bigintcalc 2016/05/16 v1.4 Expandable calculations on big integers (HO
)
Package: bitset 2016/05/16 v1.2 Handle bit-vector datatype (HO)
Package: uniquecounter 2016/05/16 v1.3 Provide unlimited unique counter (HO)
)
Package hobsub Info: Skipping package `hobsub' (already loaded).
Package: letltxmacro 2016/05/16 v1.5 Let assignment for LaTeX macros (HO)
Package: hopatch 2016/05/16 v1.3 Wrapper for package hooks (HO)
Package: xcolor-patch 2016/05/16 xcolor patch
Package: atveryend 2016/05/16 v1.9 Hooks at the very end of document (HO)
Package hobsub Info: Skipping package `atbegshi' (already loaded).
Package: refcount 2016/05/16 v3.5 Data extraction from label references (HO)
Package: hycolor 2016/05/16 v1.8 Color options for hyperref/bookmark (HO)
)
(/usr/local/texlive/2018/texmf-dist/tex/latex/oberdiek/auxhook.sty
Package: auxhook 2016/05/16 v1.4 Hooks for auxiliary files (HO)
)
(/usr/local/texlive/2018/texmf-dist/tex/latex/oberdiek/kvoptions.sty
Package: kvoptions 2016/05/16 v3.12 Key value format for package options (HO)
)
\@linkdim=\dimen163
\Hy@linkcounter=\count122
\Hy@pagecounter=\count123

(/usr/local/texlive/2018/texmf-dist/tex/latex/hyperref/pd1enc.def
File: pd1enc.def 2018/11/30 v6.88e Hyperref: PDFDocEncoding definition (HO)
)
\Hy@SavedSpaceFactor=\count124

(/usr/local/texlive/2018/texmf-dist/tex/latex/latexconfig/hyperref.cfg
File: hyperref.cfg 2002/06/06 v1.2 hyperref configuration of TeXLive
)
Package hyperref Info: Option `bookmarks' set `true' on input line 4393.
Package hyperref Info: Option `bookmarksopen' set `true' on input line 4393.
Package hyperref Info: Option `implicit' set `false' on input line 4393.
Package hyperref Info: Hyper figures OFF on input line 4519.
Package hyperref Info: Link nesting OFF on input line 4524.
Package hyperref Info: Hyper index ON on input line 4527.
Package hyperref Info: Plain pages OFF on input line 4534.
Package hyperref Info: Backreferencing OFF on input line 4539.
Package hyperref Info: Implicit mode OFF; no redefinition of LaTeX internals.
Package hyperref Info: Bookmarks ON on input line 4772.
\c@Hy@tempcnt=\count125

(/usr/local/texlive/2018/texmf-dist/tex/latex/url/url.sty
\Urlmuskip=\muskip10
Package: url 2013/09/16  ver 3.4  Verb mode for urls, etc.
)
LaTeX Info: Redefining \url on input line 5125.
\XeTeXLinkMargin=\dimen164
\Fld@menulength=\count126
\Field@Width=\dimen165
\Fld@charsize=\dimen166
Package hyperref Info: Hyper figures OFF on input line 6380.
Package hyperref Info: Link nesting OFF on input line 6385.
Package hyperref Info: Hyper index ON on input line 6388.
Package hyperref Info: backreferencing OFF on input line 6395.
Package hyperref Info: Link coloring OFF on input line 6400.
Package hyperref Info: Link coloring with OCG OFF on input line 6405.
Package hyperref Info: PDF/A mode OFF on input line 6410.
LaTeX Info: Redefining \ref on input line 6450.
LaTeX Info: Redefining \pageref on input line 6454.
\Hy@abspage=\count127


Package hyperref Message: Stopped early.

)
Package hyperref Info: Driver (autodetected): hxetex.
 (/usr/local/texlive/2018/texmf-dist/tex/latex/hyperref/hxetex.def
File: hxetex.def 2018/11/30 v6.88e Hyperref driver for XeTeX

(/usr/local/texlive/2018/texmf-dist/tex/latex/hyperref/puenc.def
File: puenc.def 2018/11/30 v6.88e Hyperref: PDF Unicode definition (HO)
)
(/usr/local/texlive/2018/texmf-dist/tex/generic/oberdiek/stringenc.sty
Package: stringenc 2016/05/16 v1.11 Convert strings between diff. encodings (HO
)
)
\pdfm@box=\box41
\c@Hy@AnnotLevel=\count128
\HyField@AnnotCount=\count129
\Fld@listcount=\count130
\c@bookmark@seq@number=\count131

(/usr/local/texlive/2018/texmf-dist/tex/latex/oberdiek/rerunfilecheck.sty
Package: rerunfilecheck 2016/05/16 v1.8 Rerun checks for auxiliary files (HO)
Package uniquecounter Info: New unique counter `rerunfilecheck' on input line 2
82.
))
(/usr/local/texlive/2018/texmf-dist/tex/generic/oberdiek/se-ascii-print.def
File: se-ascii-print.def 2016/05/16 v1.11 stringenc: Printable ASCII characters

)
(/usr/local/texlive/2018/texmf-dist/tex/latex/beamer/beamerbaserequires.sty
(/usr/local/texlive/2018/texmf-dist/tex/latex/beamer/beamerbasecompatibility.st
y) (/usr/local/texlive/2018/texmf-dist/tex/latex/beamer/beamerbasefont.sty
(/usr/local/texlive/2018/texmf-dist/tex/latex/amsfonts/amssymb.sty
Package: amssymb 2013/01/14 v3.01 AMS font symbols

(/usr/local/texlive/2018/texmf-dist/tex/latex/amsfonts/amsfonts.sty
Package: amsfonts 2013/01/14 v3.01 Basic AMSFonts support
\@emptytoks=\toks26
\symAMSa=\mathgroup4
\symAMSb=\mathgroup5
LaTeX Font Info:    Overwriting math alphabet `\mathfrak' in version `bold'
(Font)                  U/euf/m/n --> U/euf/b/n on input line 106.
))
(/usr/local/texlive/2018/texmf-dist/tex/latex/sansmathaccent/sansmathaccent.sty
Package: sansmathaccent 2013/03/28
(/usr/local/texlive/2018/texmf-dist/tex/latex/filehook/filehook.sty
Package: filehook 2011/10/12 v0.5d Hooks for input files
)))
(/usr/local/texlive/2018/texmf-dist/tex/latex/beamer/beamerbasetranslator.sty
(/usr/local/texlive/2018/texmf-dist/tex/latex/translator/translator.sty
Package: translator 2018/01/04 v1.12 Easy translation of strings in LaTeX
))
(/usr/local/texlive/2018/texmf-dist/tex/latex/beamer/beamerbasemisc.sty)
(/usr/local/texlive/2018/texmf-dist/tex/latex/beamer/beamerbasetwoscreens.sty)
(/usr/local/texlive/2018/texmf-dist/tex/latex/beamer/beamerbaseoverlay.sty
\beamer@argscount=\count132
\beamer@lastskipcover=\skip44
\beamer@trivlistdepth=\count133
)
(/usr/local/texlive/2018/texmf-dist/tex/latex/beamer/beamerbasetitle.sty)
(/usr/local/texlive/2018/texmf-dist/tex/latex/beamer/beamerbasesection.sty
\c@lecture=\count134
\c@part=\count135
\c@section=\count136
\c@subsection=\count137
\c@subsubsection=\count138
)
(/usr/local/texlive/2018/texmf-dist/tex/latex/beamer/beamerbaseframe.sty
\beamer@framebox=\box42
\beamer@frametitlebox=\box43
\beamer@zoombox=\box44
\beamer@zoomcount=\count139
\beamer@zoomframecount=\count140
\beamer@frametextheight=\dimen167
\c@subsectionslide=\count141
\beamer@frametopskip=\skip45
\beamer@framebottomskip=\skip46
\beamer@frametopskipautobreak=\skip47
\beamer@framebottomskipautobreak=\skip48
\beamer@envbody=\toks27
\framewidth=\dimen168
\c@framenumber=\count142
)
(/usr/local/texlive/2018/texmf-dist/tex/latex/beamer/beamerbaseverbatim.sty
\beamer@verbatimfileout=\write4
)
(/usr/local/texlive/2018/texmf-dist/tex/latex/beamer/beamerbaseframesize.sty
\beamer@splitbox=\box45
\beamer@autobreakcount=\count143
\beamer@autobreaklastheight=\dimen169
\beamer@frametitletoks=\toks28
\beamer@framesubtitletoks=\toks29
)
(/usr/local/texlive/2018/texmf-dist/tex/latex/beamer/beamerbaseframecomponents.
sty
\beamer@footins=\box46
) (/usr/local/texlive/2018/texmf-dist/tex/latex/beamer/beamerbasecolor.sty)
(/usr/local/texlive/2018/texmf-dist/tex/latex/beamer/beamerbasenotes.sty
\beamer@frameboxcopy=\box47
)
(/usr/local/texlive/2018/texmf-dist/tex/latex/beamer/beamerbasetoc.sty)
(/usr/local/texlive/2018/texmf-dist/tex/latex/beamer/beamerbasetemplates.sty
\beamer@sbttoks=\toks30

(/usr/local/texlive/2018/texmf-dist/tex/latex/beamer/beamerbaseauxtemplates.sty
(/usr/local/texlive/2018/texmf-dist/tex/latex/beamer/beamerbaseboxes.sty
\bmb@box=\box48
\bmb@colorbox=\box49
\bmb@boxshadow=\box50
\bmb@boxshadowball=\box51
\bmb@boxshadowballlarge=\box52
\bmb@temp=\dimen170
\bmb@dima=\dimen171
\bmb@dimb=\dimen172
\bmb@prevheight=\dimen173
)
\beamer@blockheadheight=\dimen174
))
(/usr/local/texlive/2018/texmf-dist/tex/latex/beamer/beamerbaselocalstructure.s
ty (/usr/local/texlive/2018/texmf-dist/tex/latex/tools/enumerate.sty
Package: enumerate 2015/07/23 v3.00 enumerate extensions (DPC)
\@enLab=\toks31
)
\c@figure=\count144
\c@table=\count145
\abovecaptionskip=\skip49
\belowcaptionskip=\skip50
)
(/usr/local/texlive/2018/texmf-dist/tex/latex/beamer/beamerbasenavigation.sty
\beamer@section@min@dim=\dimen175
)
(/usr/local/texlive/2018/texmf-dist/tex/latex/beamer/beamerbasetheorems.sty
(/usr/local/texlive/2018/texmf-dist/tex/latex/amsmath/amsmath.sty
Package: amsmath 2018/12/01 v2.17b AMS math features
\@mathmargin=\skip51

For additional information on amsmath, use the `?' option.
(/usr/local/texlive/2018/texmf-dist/tex/latex/amsmath/amstext.sty
Package: amstext 2000/06/29 v2.01 AMS text

(/usr/local/texlive/2018/texmf-dist/tex/latex/amsmath/amsgen.sty
File: amsgen.sty 1999/11/30 v2.0 generic functions
\@emptytoks=\toks32
\ex@=\dimen176
))
(/usr/local/texlive/2018/texmf-dist/tex/latex/amsmath/amsbsy.sty
Package: amsbsy 1999/11/29 v1.2d Bold Symbols
\pmbraise@=\dimen177
)
(/usr/local/texlive/2018/texmf-dist/tex/latex/amsmath/amsopn.sty
Package: amsopn 2016/03/08 v2.02 operator names
)
\inf@bad=\count146
LaTeX Info: Redefining \frac on input line 223.
\uproot@=\count147
\leftroot@=\count148
LaTeX Info: Redefining \overline on input line 385.
\classnum@=\count149
\DOTSCASE@=\count150
LaTeX Info: Redefining \ldots on input line 482.
LaTeX Info: Redefining \dots on input line 485.
LaTeX Info: Redefining \cdots on input line 606.
\Mathstrutbox@=\box53
\strutbox@=\box54
\big@size=\dimen178
LaTeX Font Info:    Redeclaring font encoding OML on input line 729.
LaTeX Font Info:    Redeclaring font encoding OMS on input line 730.
\macc@depth=\count151
\c@MaxMatrixCols=\count152
\dotsspace@=\muskip11
\c@parentequation=\count153
\dspbrk@lvl=\count154
\tag@help=\toks33
\row@=\count155
\column@=\count156
\maxfields@=\count157
\andhelp@=\toks34
\eqnshift@=\dimen179
\alignsep@=\dimen180
\tagshift@=\dimen181
\tagwidth@=\dimen182
\totwidth@=\dimen183
\lineht@=\dimen184
\@envbody=\toks35
\multlinegap=\skip52
\multlinetaggap=\skip53
\mathdisplay@stack=\toks36
LaTeX Info: Redefining \[ on input line 2844.
LaTeX Info: Redefining \] on input line 2845.
)
(/usr/local/texlive/2018/texmf-dist/tex/latex/amscls/amsthm.sty
Package: amsthm 2017/10/31 v2.20.4
\thm@style=\toks37
\thm@bodyfont=\toks38
\thm@headfont=\toks39
\thm@notefont=\toks40
\thm@headpunct=\toks41
\thm@preskip=\skip54
\thm@postskip=\skip55
\thm@headsep=\skip56
\dth@everypar=\toks42
)
\c@theorem=\count158
)
(/usr/local/texlive/2018/texmf-dist/tex/latex/beamer/beamerbasethemes.sty))
(/usr/local/texlive/2018/texmf-dist/tex/latex/beamer/beamerthemedefault.sty
(/usr/local/texlive/2018/texmf-dist/tex/latex/beamer/beamerfontthemedefault.sty
)
(/usr/local/texlive/2018/texmf-dist/tex/latex/beamer/beamercolorthemedefault.st
y)
(/usr/local/texlive/2018/texmf-dist/tex/latex/beamer/beamerinnerthemedefault.st
y
\beamer@dima=\dimen185
\beamer@dimb=\dimen186
)
(/usr/local/texlive/2018/texmf-dist/tex/latex/beamer/beamerouterthemedefault.st
y))) (/usr/local/texlive/2018/texmf-dist/tex/latex/appendix/appendix.sty
Package: appendix 2009/09/02 v1.2b extra appendix facilities
\c@@pps=\count159
\c@@ppsavesec=\count160
\c@@ppsaveapp=\count161
)
(/usr/local/texlive/2018/texmf-dist/tex/latex/listings/listings.sty
\lst@mode=\count162
\lst@gtempboxa=\box55
\lst@token=\toks43
\lst@length=\count163
\lst@currlwidth=\dimen187
\lst@column=\count164
\lst@pos=\count165
\lst@lostspace=\dimen188
\lst@width=\dimen189
\lst@newlines=\count166
\lst@lineno=\count167
\lst@maxwidth=\dimen190

(/usr/local/texlive/2018/texmf-dist/tex/latex/listings/lstmisc.sty
File: lstmisc.sty 2018/09/02 1.7 (Carsten Heinz)
\c@lstnumber=\count168
\lst@skipnumbers=\count169
\lst@framebox=\box56
)
(/usr/local/texlive/2018/texmf-dist/tex/latex/listings/listings.cfg
File: listings.cfg 2018/09/02 1.7 listings configuration
))
Package: listings 2018/09/02 1.7 (Carsten Heinz)

(/usr/local/texlive/2018/texmf-dist/tex/latex/pgf/basiclayer/pgf.sty
Package: pgf 2019/02/02 v3.1.1 (3.1.1)

(/usr/local/texlive/2018/texmf-dist/tex/generic/pgf/modules/pgfmoduleshapes.cod
e.tex
File: pgfmoduleshapes.code.tex 2019/02/02 v3.1.1 (3.1.1)
\pgfnodeparttextbox=\box57
)
(/usr/local/texlive/2018/texmf-dist/tex/generic/pgf/modules/pgfmoduleplot.code.
tex
File: pgfmoduleplot.code.tex 2019/02/02 v3.1.1 (3.1.1)
)
(/usr/local/texlive/2018/texmf-dist/tex/latex/pgf/compatibility/pgfcomp-version
-0-65.sty
Package: pgfcomp-version-0-65 2019/02/02 v3.1.1 (3.1.1)
\pgf@nodesepstart=\dimen191
\pgf@nodesepend=\dimen192
)
(/usr/local/texlive/2018/texmf-dist/tex/latex/pgf/compatibility/pgfcomp-version
-1-18.sty
Package: pgfcomp-version-1-18 2019/02/02 v3.1.1 (3.1.1)
))
(/usr/local/texlive/2018/texmf-dist/tex/latex/pgf/utilities/pgfpages.sty
Package: pgfpages 2011/01/05 ver 0.02

(/usr/local/texlive/2018/texmf-dist/tex/latex/tools/calc.sty
Package: calc 2017/05/25 v4.3 Infix arithmetic (KKT,FJ)
\calc@Acount=\count170
\calc@Bcount=\count171
\calc@Adimen=\dimen193
\calc@Bdimen=\dimen194
\calc@Askip=\skip57
\calc@Bskip=\skip58
LaTeX Info: Redefining \setlength on input line 80.
LaTeX Info: Redefining \addtolength on input line 81.
\calc@Ccount=\count172
\calc@Cskip=\skip59
)
\pgf@logicalpages=\count173
\pgf@firstshipout=\count174
\pgf@lastshipout=\count175
\pgf@currentshipout=\count176
\pgf@cpn=\count177
\pgf@shipoutnextto=\count178
\pgfphysicalheight=\dimen195
\pgfphysicalwidth=\dimen196
\pgfpages@shipoutbox=\box58
)
(/usr/local/texlive/2018/texmf-dist/tex/latex/units/units.sty
Package: units 1998/08/04 v0.9b Typesetting units

(/usr/local/texlive/2018/texmf-dist/tex/latex/base/ifthen.sty
Package: ifthen 2014/09/29 v1.1c Standard LaTeX ifthen package (DPC)
)
(/usr/local/texlive/2018/texmf-dist/tex/latex/units/nicefrac.sty
Package: nicefrac 1998/08/04 v0.9b Nice fractions
\L@UnitsRaiseDisplaystyle=\skip60
\L@UnitsRaiseTextstyle=\skip61
\L@UnitsRaiseScriptstyle=\skip62
))
(/usr/local/texlive/2018/texmf-dist/tex/latex/base/inputenc.sty
Package: inputenc 2018/08/11 v1.3c Input encoding file
\inpenc@prehook=\toks44
\inpenc@posthook=\toks45


Package inputenc Warning: inputenc package ignored with utf8 based engines.

) (/usr/local/texlive/2018/texmf-dist/tex/latex/pstricks/pstricks.sty
Package: pstricks 2018/12/21 v0.69 LaTeX wrapper for `PSTricks' (RN,HV)

(/usr/local/texlive/2018/texmf-dist/tex/generic/iftex/iftex.sty
Package: iftex 2013/04/04 v0.2 Provides if(tex) conditional for PDFTeX, XeTeX, 
and LuaTeX
)
(/usr/local/texlive/2018/texmf-dist/tex/latex/tools/shellesc.sty
Package: shellesc 2016/06/07 v0.02a unified shell escape interface for LaTeX
Package shellesc Info: Restricted shell escape enabled on input line 69.
)
(/usr/local/texlive/2018/texmf-dist/tex/generic/xkeyval/pst-xkey.tex
File: pst-xkey.tex 2005/11/25 v1.6 PSTricks specialization of xkeyval (HA)

(/usr/local/texlive/2018/texmf-dist/tex/latex/xkeyval/xkeyval.sty
Package: xkeyval 2014/12/03 v2.7a package option processing (HA)

(/usr/local/texlive/2018/texmf-dist/tex/generic/xkeyval/xkeyval.tex
(/usr/local/texlive/2018/texmf-dist/tex/generic/xkeyval/xkvutils.tex
\XKV@toks=\toks46
\XKV@tempa@toks=\toks47
)
\XKV@depth=\count179
File: xkeyval.tex 2014/12/03 v2.7a key=value parser (HA)
)))
(/usr/local/texlive/2018/texmf-dist/tex/generic/pstricks/pstricks.tex
(/usr/local/texlive/2018/texmf-dist/tex/generic/pstricks/pst-fp.tex
`pst-fp' v0.05, 2010/01/17 (hv)
\pstFP@xs=\count180
\pstFP@xia=\count181
\pstFP@xib=\count182
\pstFP@xfa=\count183
\pstFP@xfb=\count184
\pstFP@rega=\count185
\pstFP@regb=\count186
\pstFP@regs=\count187
\pstFP@times=\count188
)
(/usr/local/texlive/2018/texmf-dist/tex/generic/pgf/utilities/pgfutil-common.te
x
\pgfutil@everybye=\toks48
\pgfutil@tempdima=\dimen197
\pgfutil@tempdimb=\dimen198

(/usr/local/texlive/2018/texmf-dist/tex/generic/pgf/utilities/pgfutil-common-li
sts.tex))
(/usr/local/texlive/2018/texmf-dist/tex/generic/pgf/utilities/pgfkeys.code.tex)
(/usr/local/texlive/2018/texmf-dist/tex/generic/pgf/utilities/pgffor.code.tex
Loading pgffor.code.tex
(/usr/local/texlive/2018/texmf-dist/tex/generic/pgf/math/pgfmath.code.tex)
\pgffor@iter=\dimen199
\pgffor@skip=\dimen256
\pgffor@stack=\toks49
\pgffor@toks=\toks50
)
\psLoopIndex=\count189

`PSTricks' v2.95  <2019/01/22> (tvz,hv)
\pst@dima=\dimen257
\pst@dimb=\dimen258
\pst@dimc=\dimen259
\pst@dimd=\dimen260
\pst@dimg=\dimen261
\pst@dimh=\dimen262
\pst@dimm=\dimen263
\pst@dimn=\dimen264
\pst@dimo=\dimen265
\pst@dimp=\dimen266
\pst@hbox=\box59
\pst@ibox=\box60
\pst@boxg=\box61
\pst@cnta=\count190
\pst@cntb=\count191
\pst@cntc=\count192
\pst@cntd=\count193
\pst@cntg=\count194
\pst@cnth=\count195
\pst@cntm=\count196
\pst@cntn=\count197
\pst@cnto=\count198
\pst@cntp=\count199
\@zero=\count266
\pst@toks=\toks51
(/usr/local/texlive/2018/texmf-dist/tex/xelatex/xetex-pstricks/pstricks.con
(/usr/local/texlive/2018/texmf-dist/tex/generic/pstricks/config/xdvipdfmx.cfg))
\psunit=\dimen267
\psxunit=\dimen268
\psyunit=\dimen269
\pst@C@@rType=\count267
\pslinewidth=\dimen270
\psk@startLW=\dimen271
\psk@endLW=\dimen272
\pst@customdefs=\toks52
\pslinearc=\dimen273
\pst@symbolStep=\dimen274
\pst@symbolWidth=\dimen275
\pst@symbolLinewidth=\dimen276
\everypsbox=\toks53
\psframesep=\dimen277
\pslabelsep=\dimen278
\sh@wgridXunit=\dimen279
\sh@wgridYunit=\dimen280
\pst@shift=\dimen281
(/usr/local/texlive/2018/texmf-dist/tex/xelatex/xetex-pstricks/pstricks.con
(/usr/local/texlive/2018/texmf-dist/tex/generic/pstricks/config/xdvipdfmx.cfg
Using PSTricks configuration for XeTeX+xdvipdfmx
)))
File: pstricks.tex 2019/01/22 v2.95 `PSTricks' (tvz,hv)
 (/usr/local/texlive/2018/texmf-dist/tex/generic/pstricks/pst-fp.tex)
File: pst-fp.tex 2019/01/22 v2.95 `PST-fp' (hv)

>>> Loading XeTeX special macros
(/usr/local/texlive/2018/texmf-dist/tex/generic/pstricks/pstricks-xetex.def))
(/usr/local/texlive/2018/texmf-dist/tex/latex/tools/multicol.sty
Package: multicol 2018/12/27 v1.8v multicolumn formatting (FMi)
\c@tracingmulticols=\count268
\mult@box=\box62
\multicol@leftmargin=\dimen282
\c@unbalance=\count269
\c@collectmore=\count270
\doublecol@number=\count271
\multicoltolerance=\count272
\multicolpretolerance=\count273
\full@width=\dimen283
\page@free=\dimen284
\premulticols=\dimen285
\postmulticols=\dimen286
\multicolsep=\skip63
\multicolbaselineskip=\skip64
\partial@page=\box63
\last@line=\box64
\maxbalancingoverflow=\dimen287
\mult@rightbox=\box65
\mult@grightbox=\box66
\mult@gfirstbox=\box67
\mult@firstbox=\box68
\@tempa=\box69
\@tempa=\box70
\@tempa=\box71
\@tempa=\box72
\@tempa=\box73
\@tempa=\box74
\@tempa=\box75
\@tempa=\box76
\@tempa=\box77
\@tempa=\box78
\@tempa=\box79
\@tempa=\box80
\@tempa=\box81
\@tempa=\box82
\@tempa=\box83
\@tempa=\box84
\@tempa=\box85
\c@columnbadness=\count274
\c@finalcolumnbadness=\count275
\last@try=\dimen288
\multicolovershoot=\dimen289
\multicolundershoot=\dimen290
\mult@nat@firstbox=\box86
\colbreak@box=\box87
\mc@col@check@num=\count276
)
(/usr/local/texlive/2018/texmf-dist/tex/latex/tools/xspace.sty
Package: xspace 2014/10/28 v1.13 Space after command names (DPC,MH)
)
(/usr/local/texlive/2018/texmf-dist/tex/latex/psnfss/utopia.sty
Package: utopia 2005/04/12 PSNFSS-v9.2a (P.Dyballa) 


Package utopia Warning: This package is to be regarded as obsolete.
(utopia)                See the PSNFSS documentation.

) (/usr/local/texlive/2018/texmf-dist/tex/latex/beamer/beamerthemeMadrid.sty
(/usr/local/texlive/2018/texmf-dist/tex/latex/beamer/beamercolorthemewhale.sty)

(/usr/local/texlive/2018/texmf-dist/tex/latex/beamer/beamercolorthemeorchid.sty
)
(/usr/local/texlive/2018/texmf-dist/tex/latex/beamer/beamerinnerthemerounded.st
y)
(/usr/local/texlive/2018/texmf-dist/tex/latex/beamer/beamerouterthemeinfolines.
sty))
\@input{macros.aux}
\openout2 = `macros.aux'.

(./macros.tex)

Package hyperref Warning: Token not allowed in a PDF string (Unicode):
(hyperref)                removing `\newline' on input line 199.


Package hyperref Warning: Token not allowed in a PDF string (Unicode):
(hyperref)                removing `\newline' on input line 199.


Package hyperref Warning: Token not allowed in a PDF string (Unicode):
(hyperref)                removing `\newline' on input line 199.

(./main.aux)
\openout1 = `main.aux'.

LaTeX Font Info:    Checking defaults for OML/cmm/m/it on input line 255.
LaTeX Font Info:    ... okay on input line 255.
LaTeX Font Info:    Checking defaults for T1/cmr/m/n on input line 255.
LaTeX Font Info:    ... okay on input line 255.
LaTeX Font Info:    Checking defaults for OT1/cmr/m/n on input line 255.
LaTeX Font Info:    ... okay on input line 255.
LaTeX Font Info:    Checking defaults for OMS/cmsy/m/n on input line 255.
LaTeX Font Info:    ... okay on input line 255.
LaTeX Font Info:    Checking defaults for TU/lmr/m/n on input line 255.
LaTeX Font Info:    ... okay on input line 255.
LaTeX Font Info:    Checking defaults for OMX/cmex/m/n on input line 255.
LaTeX Font Info:    ... okay on input line 255.
LaTeX Font Info:    Checking defaults for U/cmr/m/n on input line 255.
LaTeX Font Info:    ... okay on input line 255.
LaTeX Font Info:    Checking defaults for PD1/pdf/m/n on input line 255.
LaTeX Font Info:    ... okay on input line 255.
LaTeX Font Info:    Checking defaults for PU/pdf/m/n on input line 255.
LaTeX Font Info:    ... okay on input line 255.

*geometry* driver: auto-detecting
*geometry* detected driver: xetex
*geometry* verbose mode - [ preamble ] result:
* driver: xetex
* paper: custom
* layout: <same size as paper>
* layoutoffset:(h,v)=(0.0pt,0.0pt)
* modes: includehead includefoot 
* h-part:(L,W,R)=(10.95pt, 342.29536pt, 10.95pt)
* v-part:(T,H,B)=(0.0pt, 273.14662pt, 0.0pt)
* \paperwidth=364.19536pt
* \paperheight=273.14662pt
* \textwidth=342.29536pt
* \textheight=244.6939pt
* \oddsidemargin=-61.31999pt
* \evensidemargin=-61.31999pt
* \topmargin=-72.26999pt
* \headheight=14.22636pt
* \headsep=0.0pt
* \topskip=11.0pt
* \footskip=14.22636pt
* \marginparwidth=4.0pt
* \marginparsep=10.0pt
* \columnsep=10.0pt
* \skip\footins=10.0pt plus 4.0pt minus 2.0pt
* \hoffset=0.0pt
* \voffset=0.0pt
* \mag=1000
* \@twocolumnfalse
* \@twosidefalse
* \@mparswitchfalse
* \@reversemarginfalse
* (1in=72.27pt=25.4mm, 1cm=28.453pt)

ABD: EveryShipout initializing macros
\AtBeginShipoutBox=\box88
Package hyperref Info: Link coloring OFF on input line 255.

(/usr/local/texlive/2018/texmf-dist/tex/latex/hyperref/nameref.sty
Package: nameref 2016/05/21 v2.44 Cross-referencing by name of section

(/usr/local/texlive/2018/texmf-dist/tex/generic/oberdiek/gettitlestring.sty
Package: gettitlestring 2016/05/16 v1.5 Cleanup title references (HO)
)
\c@section@level=\count277
)
LaTeX Info: Redefining \ref on input line 255.
LaTeX Info: Redefining \pageref on input line 255.
LaTeX Info: Redefining \nameref on input line 255.

(./main.out) (./main.out)
\@outlinefile=\write5
\openout5 = `main.out'.

LaTeX Font Info:    Overwriting symbol font `operators' in version `normal'
(Font)                  OT1/cmr/m/n --> OT1/cmss/m/n on input line 255.
LaTeX Font Info:    Overwriting symbol font `operators' in version `bold'
(Font)                  OT1/cmr/bx/n --> OT1/cmss/b/n on input line 255.
\symnumbers=\mathgroup6
\sympureletters=\mathgroup7
LaTeX Font Info:    Overwriting math alphabet `\mathrm' in version `normal'
(Font)                  OT1/cmss/m/n --> TU/put/m/n on input line 255.
LaTeX Font Info:    Redeclaring math alphabet \mathbf on input line 255.
LaTeX Font Info:    Overwriting math alphabet `\mathbf' in version `normal'
(Font)                  OT1/cmr/bx/n --> TU/lmss/b/n on input line 255.
LaTeX Font Info:    Overwriting math alphabet `\mathbf' in version `bold'
(Font)                  OT1/cmr/bx/n --> TU/lmss/b/n on input line 255.
LaTeX Font Info:    Redeclaring math alphabet \mathsf on input line 255.
LaTeX Font Info:    Overwriting math alphabet `\mathsf' in version `normal'
(Font)                  OT1/cmss/m/n --> TU/lmss/m/n on input line 255.
LaTeX Font Info:    Overwriting math alphabet `\mathsf' in version `bold'
(Font)                  OT1/cmss/bx/n --> TU/lmss/m/n on input line 255.
LaTeX Font Info:    Redeclaring math alphabet \mathit on input line 255.
LaTeX Font Info:    Overwriting math alphabet `\mathit' in version `normal'
(Font)                  OT1/cmr/m/it --> TU/lmss/m/it on input line 255.
LaTeX Font Info:    Overwriting math alphabet `\mathit' in version `bold'
(Font)                  OT1/cmr/bx/it --> TU/lmss/m/it on input line 255.
LaTeX Font Info:    Redeclaring math alphabet \mathtt on input line 255.
LaTeX Font Info:    Overwriting math alphabet `\mathtt' in version `normal'
(Font)                  OT1/cmtt/m/n --> TU/lmtt/m/n on input line 255.
LaTeX Font Info:    Overwriting math alphabet `\mathtt' in version `bold'
(Font)                  OT1/cmtt/m/n --> TU/lmtt/m/n on input line 255.
LaTeX Font Info:    Overwriting symbol font `numbers' in version `bold'
(Font)                  TU/lmss/m/n --> TU/lmss/b/n on input line 255.
LaTeX Font Info:    Overwriting symbol font `pureletters' in version `bold'
(Font)                  TU/lmss/m/it --> TU/lmss/b/it on input line 255.
LaTeX Font Info:    Overwriting math alphabet `\mathrm' in version `bold'
(Font)                  OT1/cmss/b/n --> TU/put/b/n on input line 255.
LaTeX Font Info:    Overwriting math alphabet `\mathbf' in version `bold'
(Font)                  TU/lmss/b/n --> TU/lmss/b/n on input line 255.
LaTeX Font Info:    Overwriting math alphabet `\mathsf' in version `bold'
(Font)                  TU/lmss/m/n --> TU/lmss/b/n on input line 255.
LaTeX Font Info:    Overwriting math alphabet `\mathit' in version `bold'
(Font)                  TU/lmss/m/it --> TU/lmss/b/it on input line 255.
LaTeX Font Info:    Overwriting math alphabet `\mathtt' in version `bold'
(Font)                  TU/lmtt/m/n --> TU/lmtt/b/n on input line 255.

(/usr/local/texlive/2018/texmf-dist/tex/latex/translator/translator-basic-dicti
onary-English.dict
Dictionary: translator-basic-dictionary, Language: English 
)
(/usr/local/texlive/2018/texmf-dist/tex/latex/translator/translator-bibliograph
y-dictionary-English.dict
Dictionary: translator-bibliography-dictionary, Language: English 
)
(/usr/local/texlive/2018/texmf-dist/tex/latex/translator/translator-environment
-dictionary-English.dict
Dictionary: translator-environment-dictionary, Language: English 
)
(/usr/local/texlive/2018/texmf-dist/tex/latex/translator/translator-months-dict
ionary-English.dict
Dictionary: translator-months-dictionary, Language: English 
)
(/usr/local/texlive/2018/texmf-dist/tex/latex/translator/translator-numbers-dic
tionary-English.dict
Dictionary: translator-numbers-dictionary, Language: English 
)
(/usr/local/texlive/2018/texmf-dist/tex/latex/translator/translator-theorem-dic
tionary-English.dict
Dictionary: translator-theorem-dictionary, Language: English 
)
\c@lstlisting=\count278
 (./main.nav)
LaTeX Font Info:    Try loading font information for U+msa on input line 258.

(/usr/local/texlive/2018/texmf-dist/tex/latex/amsfonts/umsa.fd
File: umsa.fd 2013/01/14 v3.01 AMS symbols A
)
LaTeX Font Info:    Try loading font information for U+msb on input line 258.

(/usr/local/texlive/2018/texmf-dist/tex/latex/amsfonts/umsb.fd
File: umsb.fd 2013/01/14 v3.01 AMS symbols B
)
LaTeX Font Info:    Font shape `TU/lmss/m/it' in size <10.95> not available
(Font)              Font shape `TU/lmss/m/sl' tried instead on input line 258.
LaTeX Font Info:    Font shape `TU/lmss/m/it' in size <8> not available
(Font)              Font shape `TU/lmss/m/sl' tried instead on input line 258.
LaTeX Font Info:    Font shape `TU/lmss/m/it' in size <6> not available
(Font)              Font shape `TU/lmss/m/sl' tried instead on input line 258.
LaTeX Font Info:    Font shape `TU/lmss/m/it' in size <5> not available
(Font)              Font shape `TU/lmss/m/sl' tried instead on input line 258.
 [1



] (./main.toc) [2

] [3


] [4


] (./Ch00-CourseOverview/Ch00-CourseOverview.tex [5

] [6

] [7

]
[8

] [9

] [10

] [11

] [12

] [13

] [14

] [15

] [16

] [17

] [18

] [19

] [20

] [21

] [22

]
[23

] [24

] [25

] [26

] [27

] [28

] [29

] [30

] [31

] [32

] [33

] [34

] [35

] [36

] [37

]
[38

] [39

] [40

] [41

] [42

] [43

] [44

] [45

] [46

] [47

] [48

] [49

] [50

] [51

] [52

]
[53

] [54

] [55

] [56

] [57

] [58

] [59

] [60

] [61

] [62

] [63

] [64

] [65

] [66

] [67

]
[68

] [69

] [70

] [71

] [72

] [73

] [74

] [75

] [76

] [77

] [78

] [79

] [80

] [81

])
\tf@nav=\write6
\openout6 = `main.nav'.

\tf@toc=\write7
\openout7 = `main.toc'.

\tf@snm=\write8
\openout8 = `main.snm'.

Package atveryend Info: Empty hook `BeforeClearDocument' on input line 357.
Package atveryend Info: Empty hook `AfterLastShipout' on input line 357.

(./main.aux)
Package atveryend Info: Empty hook `AtVeryEndDocument' on input line 357.
Package atveryend Info: Executing hook `AtEndAfterFileList' on input line 357.
Package rerunfilecheck Info: File `main.out' has not changed.
(rerunfilecheck)             Checksum: 30F8DFEC1DC904AB9FF007E45915C18F.
 ) 
Here is how much of TeX's memory you used:
 24579 strings out of 492933
 441158 string characters out of 6133146
 553139 words of memory out of 5000000
 28087 multiletter control sequences out of 15000+600000
 9686 words of font info for 48 fonts, out of 8000000 for 9000
 1348 hyphenation exceptions out of 8191
 56i,15n,62p,809b,661s stack positions out of 5000i,500n,10000p,200000b,80000s

Output written on main.pdf (81 pages).
